#
# A fatal error has been detected by the Java Runtime Environment:
#
#  EXCEPTION_ACCESS_VIOLATION (0xc0000005) at pc=0x00007ffadf612790, pid=17716, tid=12984
#
# JRE version: OpenJDK Runtime Environment Temurin-17.0.13+11 (17.0.13+11) (build 17.0.13+11)
# Java VM: OpenJDK 64-Bit Server VM Temurin-17.0.13+11 (17.0.13+11, mixed mode, tiered, compressed oops, compressed class ptrs, parallel gc, windows-amd64)
# Problematic frame:
# V  [jvm.dll+0x12790]
#
# No core dump will be written. Minidumps are not enabled by default on client versions of Windows
#
# If you would like to submit a bug report, please visit:
#   https://github.com/adoptium/adoptium-support/issues
#

---------------  S U M M A R Y ------------

Command Line: --add-modules=ALL-SYSTEM --add-opens=java.base/java.util=ALL-UNNAMED --add-opens=java.base/java.lang=ALL-UNNAMED --add-opens=java.base/sun.nio.fs=ALL-UNNAMED -Declipse.application=org.eclipse.jdt.ls.core.id1 -Dosgi.bundles.defaultStartLevel=4 -Declipse.product=org.eclipse.jdt.ls.core.product -Djava.import.generatesMetadataFilesAtProjectRoot=false -DDetectVMInstallationsJob.disabled=true -Dfile.encoding=utf8 -XX:+UseParallelGC -XX:GCTimeRatio=4 -XX:AdaptiveSizePolicyWeight=90 -Dsun.zip.disableMemoryMapping=true -Xmx1G -Xms100m -Xlog:disable -javaagent:c:\Users\DERIL WIJDAN FALIH\.vscode\extensions\redhat.java-1.37.0-win32-x64\lombok\lombok-1.18.34.jar -XX:+HeapDumpOnOutOfMemoryError -XX:HeapDumpPath=c:\Users\DERIL WIJDAN FALIH\AppData\Roaming\Code\User\workspaceStorage\2416165a0112e604018cd0bc178eb534\redhat.java -Daether.dependencyCollector.impl=bf c:\Users\DERIL WIJDAN FALIH\.vscode\extensions\redhat.java-1.37.0-win32-x64\server\plugins\org.eclipse.equinox.launcher_1.6.900.v20240613-2009.jar -configuration c:\Users\DERIL WIJDAN FALIH\AppData\Roaming\Code\User\globalStorage\redhat.java\1.37.0\config_win -data c:\Users\DERIL WIJDAN FALIH\AppData\Roaming\Code\User\workspaceStorage\2416165a0112e604018cd0bc178eb534\redhat.java\jdt_ws --pipe=\\.\pipe\lsp-c86019daecc3a9169c274c324f70b6fb-sock

Host: 11th Gen Intel(R) Core(TM) i5-11400H @ 2.70GHz, 12 cores, 15G,  Windows 11 , 64 bit Build 22621 (10.0.22621.4391)
Time: Thu Dec 12 13:55:08 2024 SE Asia Standard Time elapsed time: 17.872598 seconds (0d 0h 0m 17s)

---------------  T H R E A D  ---------------

Current thread (0x00000195f9a5b230):  JavaThread "C2 CompilerThread0" daemon [_thread_in_native, id=12984, stack(0x00000079b4900000,0x00000079b4a00000)]


Current CompileTask:
C2:  17872 15463       4       org.eclipse.core.internal.resources.Project::hasNature (36 bytes)

Stack: [0x00000079b4900000,0x00000079b4a00000],  sp=0x00000079b49fa728,  free space=1001k
Native frames: (J=compiled Java code, j=interpreted, Vv=VM code, C=native code)
V  [jvm.dll+0x12790]


siginfo: EXCEPTION_ACCESS_VIOLATION (0xc0000005), reading address 0xffffffffffffffff


Registers:
RAX=0x00007ffadffd1178, RBX=0x000000000000000e, RCX=0x0200000000000000, RDX=0x00000000ffffffff
RSP=0x00000079b49fa728, RBP=0x000001958f84ed80, RSI=0x0000000000000000, RDI=0x000001958f84ed80
R8 =0x00000000000000e0, R9 =0x00000000000000e0, R10=0x00007ffb2a9b0000, R11=0x00007ffb2a9c1a41
R12=0x0000000000000003, R13=0x000001958f48aac0, R14=0x00000000000000e0, R15=0x00000195fba44be0
RIP=0x00007ffadf612790, EFLAGS=0x0000000000010206


Register to memory mapping:

RIP=0x00007ffadf612790 jvm.dll
RAX=0x00007ffadffd1178 jvm.dll
RBX=0x000000000000000e is an unknown value
RCX=0x0200000000000000 is an unknown value
RDX=0x00000000ffffffff is an unallocated location in the heap
RSP=0x00000079b49fa728 is pointing into the stack for thread: 0x00000195f9a5b230
RBP=0x000001958f84ed80 points into unknown readable memory: 0x00007ffadffd1178 | 78 11 fd df fa 7f 00 00
RSI=0x0 is NULL
RDI=0x000001958f84ed80 points into unknown readable memory: 0x00007ffadffd1178 | 78 11 fd df fa 7f 00 00
R8 =0x00000000000000e0 is an unknown value
R9 =0x00000000000000e0 is an unknown value
R10=0x00007ffb2a9b0000 VCRUNTIME140.dll
R11=0x00007ffb2a9c1a41 VCRUNTIME140.dll
R12=0x0000000000000003 is an unknown value
R13=0x000001958f48aac0 points into unknown readable memory: 0x000000100000000d | 0d 00 00 00 10 00 00 00
R14=0x00000000000000e0 is an unknown value
R15=0x00000195fba44be0 points into unknown readable memory: 0x00000079b49fed30 | 30 ed 9f b4 79 00 00 00


Top of Stack: (sp=0x00000079b49fa728)
0x00000079b49fa728:   00007ffadf7d3209 0000000000000017
0x00000079b49fa738:   00000079b49fed30 0000000000004000
0x00000079b49fa748:   000001958f84d910 000001958f853008
0x00000079b49fa758:   00007ffadfdfcba7 00000195fd81e210
0x00000079b49fa768:   00000195fd820210 0000000000002000
0x00000079b49fa778:   00007ffadf7a83c3 000001958f48caf0
0x00000079b49fa788:   00007ffadf8a1ffb 000000000000000e
0x00000079b49fa798:   000001958f84ed80 000000000000001c
0x00000079b49fa7a8:   000000000000000a 0000007900000000
0x00000079b49fa7b8:   000001958f92ac38 0000000000000000
0x00000079b49fa7c8:   000000000000000a 00000195fba44be0
0x00000079b49fa7d8:   000001958f8545f0 0000000000000012
0x00000079b49fa7e8:   000001958f8545f0 00000195fd81e270
0x00000079b49fa7f8:   00007ffadf8a1d70 0000007900000000
0x00000079b49fa808:   00007ffa00000200 0000000000000030
0x00000079b49fa818:   0000000000000006 00000079b49fba50
0x00000079b49fa828:   000001958f92ac38 0000000000000020
0x00000079b49fa838:   0000000000000050 0000000000010388
0x00000079b49fa848:   0000000000000000 00000195f9a9e430
0x00000079b49fa858:   00007ffadfdfcee0 0000000000000006
0x00000079b49fa868:   000001958f8545f0 00000195fba44be0
0x00000079b49fa878:   00000195efaadfb0 00000195fd72b3c0
0x00000079b49fa888:   00000000000005f8 00000195f9a9e430
0x00000079b49fa898:   00007ffadf6a3136 00000195f9a9ff10
0x00000079b49fa8a8:   00000195f9a9ff10 000001958f8545c8
0x00000079b49fa8b8:   000001958f8545c8 000001958f8545c8
0x00000079b49fa8c8:   00007ffadf6a2d94 00000195fd72a940
0x00000079b49fa8d8:   00000000000000bf 00000195f9a9ff10
0x00000079b49fa8e8:   00000079b49fba50 0000000000000000
0x00000079b49fa8f8:   00007ffadfca9f0f 00000195fd72a940
0x00000079b49fa908:   00000079b49fba50 0000000000000001
0x00000079b49fa918:   00000195efaad2f0 00000000000005f8 

Instructions: (pc=0x00007ffadf612790)
0x00007ffadf612690:   48 8b 5c 24 30 48 83 c4 20 5f c3 cc cc cc cc cc
0x00007ffadf6126a0:   48 89 5c 24 08 57 48 83 ec 20 8d 5a 01 48 8b f9
0x00007ffadf6126b0:   e8 2b fd ff ff 03 d8 48 8b cf 48 8b 07 ff 90 10
0x00007ffadf6126c0:   01 00 00 8d 48 ff f7 d8 03 cb 23 c1 2b c3 48 8b
0x00007ffadf6126d0:   5c 24 30 48 83 c4 20 5f c3 cc cc cc cc cc cc cc
0x00007ffadf6126e0:   48 89 5c 24 10 56 48 83 ec 30 f7 41 30 00 00 01
0x00007ffadf6126f0:   00 48 8b d9 48 63 f2 74 7c 65 48 8b 04 25 58 00
0x00007ffadf612700:   00 00 44 8b 05 6f 9d bb 00 48 89 7c 24 40 4a 8b
0x00007ffadf612710:   3c c0 b8 50 00 00 00 80 3c 38 00 75 05 e8 96 26
0x00007ffadf612720:   88 00 b8 20 00 00 00 48 8b 04 38 48 8b 88 e0 04
0x00007ffadf612730:   00 00 48 8b 91 80 00 00 00 48 8b ce 48 8b 82 e0
0x00007ffadf612740:   08 00 00 4c 8b 80 88 02 00 00 44 8b 88 90 02 00
0x00007ffadf612750:   00 48 8b 82 60 08 00 00 48 8b d3 48 89 44 24 20
0x00007ffadf612760:   e8 cb 01 19 00 48 8b 7c 24 40 48 8b 5c 24 48 48
0x00007ffadf612770:   83 c4 30 5e c3 48 8b 5c 24 48 33 c0 48 83 c4 30
0x00007ffadf612780:   5e c3 cc cc cc cc cc cc cc cc cc cc cc cc cc cc
0x00007ffadf612790:   8b 41 08 c3 cc cc cc cc cc cc cc cc cc cc cc cc
0x00007ffadf6127a0:   40 53 48 83 ec 20 65 48 8b 04 25 58 00 00 00 8b
0x00007ffadf6127b0:   0d c3 9c bb 00 48 8b 1c c8 b8 50 00 00 00 80 3c
0x00007ffadf6127c0:   18 00 75 05 e8 ef 25 88 00 b8 20 00 00 00 48 8b
0x00007ffadf6127d0:   04 18 48 8b 80 e0 04 00 00 48 8b 80 80 00 00 00
0x00007ffadf6127e0:   48 83 c4 20 5b c3 cc cc cc cc cc cc cc cc cc cc
0x00007ffadf6127f0:   40 53 48 83 ec 20 65 48 8b 04 25 58 00 00 00 8b
0x00007ffadf612800:   0d 73 9c bb 00 48 8b 1c c8 b8 50 00 00 00 80 3c
0x00007ffadf612810:   18 00 75 05 e8 9f 25 88 00 b8 20 00 00 00 48 8b
0x00007ffadf612820:   04 18 48 8b 80 e0 04 00 00 48 83 c4 20 5b c3 cc
0x00007ffadf612830:   48 8b 05 81 4c b9 00 c3 cc cc cc cc cc cc cc cc
0x00007ffadf612840:   0f 10 05 b9 b1 b0 00 48 8b c1 0f 10 0d bf b1 b0
0x00007ffadf612850:   00 0f 11 01 0f 10 05 c5 b1 b0 00 0f 11 49 10 0f
0x00007ffadf612860:   10 0d ca b1 b0 00 0f 11 41 20 0f 10 05 cf b1 b0
0x00007ffadf612870:   00 0f 11 49 30 0f 10 0d d4 b1 b0 00 0f 11 41 40
0x00007ffadf612880:   0f 11 49 50 c3 cc cc cc cc cc cc cc cc cc cc cc 


Stack slot to memory mapping:
stack at sp + 0 slots: 0x00007ffadf7d3209 jvm.dll
stack at sp + 1 slots: 0x0000000000000017 is an unknown value
stack at sp + 2 slots: 0x00000079b49fed30 is pointing into the stack for thread: 0x00000195f9a5b230
stack at sp + 3 slots: 0x0000000000004000 is an unknown value
stack at sp + 4 slots: 0x000001958f84d910 points into unknown readable memory: 0x000001958f48aab0 | b0 aa 48 8f 95 01 00 00
stack at sp + 5 slots: 0x000001958f853008 points into unknown readable memory: 0x00007ffadffd1078 | 78 10 fd df fa 7f 00 00
stack at sp + 6 slots: 0x00007ffadfdfcba7 jvm.dll
stack at sp + 7 slots: 0x00000195fd81e210 points into unknown readable memory: 0x000000100000000d | 0d 00 00 00 10 00 00 00


---------------  P R O C E S S  ---------------

Threads class SMR info:
_java_thread_list=0x00000195fbe7da00, length=88, elements={
0x00000195efa951a0, 0x00000195f490bbc0, 0x00000195f490c840, 0x00000195f9a37620,
0x00000195f9a4dce0, 0x00000195f9a4ace0, 0x00000195f9a59c20, 0x00000195f9a5b230,
0x00000195f9a63a80, 0x00000195f9a65b80, 0x00000195f9a587e0, 0x00000195f9a573a0,
0x00000195f9a5a130, 0x00000195f9a59710, 0x00000195f9a57dc0, 0x00000195f9a5a640,
0x00000195f9a56e90, 0x00000195f9a578b0, 0x00000195fc1c65b0, 0x00000195fc1c9850,
0x00000195fc1c79f0, 0x00000195fc1c6fd0, 0x00000195fc1c6ac0, 0x00000195fc1cc5e0,
0x00000195fc1c74e0, 0x00000195fc1c7f00, 0x00000195fc1c8410, 0x00000195fc1c9d60,
0x00000195fc1c8920, 0x00000195fc1c8e30, 0x00000195fc1ca270, 0x00000195fc1c60a0,
0x00000195fc1ca780, 0x00000195fc1c9340, 0x00000195fc1cac90, 0x00000195fc1cb1a0,
0x00000195fc1cb6b0, 0x00000195fc1cc0d0, 0x00000195fc1ccaf0, 0x00000195fc1c5680,
0x00000195fdba7fc0, 0x00000195fdba6160, 0x00000195fdba89e0, 0x00000195fdbaa840,
0x00000195fdba75a0, 0x00000195fdba6670, 0x00000195fdba9400, 0x00000195fdbaad50,
0x00000195fdbab260, 0x00000195fdba4810, 0x00000195fdba5740, 0x00000195fdba5230,
0x00000195fdba9910, 0x00000195fdba9e20, 0x00000195fdba6b80, 0x00000195fdba5c50,
0x00000195fdbaa330, 0x00000195fdbab770, 0x00000195fdba7090, 0x00000195f9a58cf0,
0x000001959305eec0, 0x0000019593063090, 0x000001959305e4a0, 0x0000019593061740,
0x0000019593060300, 0x0000019593060810, 0x00000195930644d0, 0x0000019593060d20,
0x000001959305f3d0, 0x0000019593061230, 0x0000019593062670, 0x000001959305f8e0,
0x000001959305d060, 0x0000019593062b80, 0x00000195930635a0, 0x00000195930649e0,
0x000001959305da80, 0x000001959305e9b0, 0x00000195fdba7ab0, 0x00000195fdba84d0,
0x00000195fdba3df0, 0x00000195fdba4300, 0x00000195f9a582d0, 0x00000195938d3940,
0x00000195938d4d80, 0x00000195938d7b10, 0x00000195938d8020, 0x00000195938d57a0
}

Java Threads: ( => current thread )
  0x00000195efa951a0 JavaThread "main" [_thread_blocked, id=22440, stack(0x00000079b3f00000,0x00000079b4000000)]
  0x00000195f490bbc0 JavaThread "Reference Handler" daemon [_thread_blocked, id=21596, stack(0x00000079b4200000,0x00000079b4300000)]
  0x00000195f490c840 JavaThread "Finalizer" daemon [_thread_blocked, id=15564, stack(0x00000079b4300000,0x00000079b4400000)]
  0x00000195f9a37620 JavaThread "Signal Dispatcher" daemon [_thread_blocked, id=7816, stack(0x00000079b4500000,0x00000079b4600000)]
  0x00000195f9a4dce0 JavaThread "Attach Listener" daemon [_thread_blocked, id=14120, stack(0x00000079b4600000,0x00000079b4700000)]
  0x00000195f9a4ace0 JavaThread "Service Thread" daemon [_thread_blocked, id=6032, stack(0x00000079b4700000,0x00000079b4800000)]
  0x00000195f9a59c20 JavaThread "Monitor Deflation Thread" daemon [_thread_blocked, id=8620, stack(0x00000079b4800000,0x00000079b4900000)]
=>0x00000195f9a5b230 JavaThread "C2 CompilerThread0" daemon [_thread_in_native, id=12984, stack(0x00000079b4900000,0x00000079b4a00000)]
  0x00000195f9a63a80 JavaThread "C1 CompilerThread0" daemon [_thread_blocked, id=17712, stack(0x00000079b4a00000,0x00000079b4b00000)]
  0x00000195f9a65b80 JavaThread "Sweeper thread" daemon [_thread_blocked, id=17704, stack(0x00000079b4b00000,0x00000079b4c00000)]
  0x00000195f9a587e0 JavaThread "Common-Cleaner" daemon [_thread_blocked, id=21252, stack(0x00000079b4c00000,0x00000079b4d00000)]
  0x00000195f9a573a0 JavaThread "Notification Thread" daemon [_thread_blocked, id=22652, stack(0x00000079b4e00000,0x00000079b4f00000)]
  0x00000195f9a5a130 JavaThread "Active Thread: Equinox Container: d26df653-3bb7-479a-8461-466d0268b69e" [_thread_blocked, id=10792, stack(0x00000079b5600000,0x00000079b5700000)]
  0x00000195f9a59710 JavaThread "Refresh Thread: Equinox Container: d26df653-3bb7-479a-8461-466d0268b69e" daemon [_thread_blocked, id=6064, stack(0x00000079b5700000,0x00000079b5800000)]
  0x00000195f9a57dc0 JavaThread "Framework Event Dispatcher: Equinox Container: d26df653-3bb7-479a-8461-466d0268b69e" daemon [_thread_blocked, id=6940, stack(0x00000079b5800000,0x00000079b5900000)]
  0x00000195f9a5a640 JavaThread "Start Level: Equinox Container: d26df653-3bb7-479a-8461-466d0268b69e" daemon [_thread_blocked, id=13536, stack(0x00000079b5900000,0x00000079b5a00000)]
  0x00000195f9a56e90 JavaThread "Bundle File Closer" daemon [_thread_blocked, id=20672, stack(0x00000079b5c00000,0x00000079b5d00000)]
  0x00000195f9a578b0 JavaThread "SCR Component Actor" daemon [_thread_blocked, id=12648, stack(0x00000079b5f00000,0x00000079b6000000)]
  0x00000195fc1c65b0 JavaThread "Worker-JM" [_thread_blocked, id=23088, stack(0x00000079b5000000,0x00000079b5100000)]
  0x00000195fc1c9850 JavaThread "JNA Cleaner" daemon [_thread_blocked, id=15696, stack(0x00000079b6100000,0x00000079b6200000)]
  0x00000195fc1c79f0 JavaThread "Worker-0" [_thread_blocked, id=15764, stack(0x00000079b6200000,0x00000079b6300000)]
  0x00000195fc1c6fd0 JavaThread "Worker-1" [_thread_blocked, id=12692, stack(0x00000079b6300000,0x00000079b6400000)]
  0x00000195fc1c6ac0 JavaThread "Java indexing" daemon [_thread_blocked, id=23136, stack(0x00000079b6500000,0x00000079b6600000)]
  0x00000195fc1cc5e0 JavaThread "Thread-2" daemon [_thread_in_native, id=11484, stack(0x00000079b6600000,0x00000079b6700000)]
  0x00000195fc1c74e0 JavaThread "Thread-3" daemon [_thread_in_native, id=5928, stack(0x00000079b6700000,0x00000079b6800000)]
  0x00000195fc1c7f00 JavaThread "Thread-4" daemon [_thread_in_native, id=23216, stack(0x00000079b6800000,0x00000079b6900000)]
  0x00000195fc1c8410 JavaThread "Thread-5" daemon [_thread_in_native, id=22696, stack(0x00000079b6900000,0x00000079b6a00000)]
  0x00000195fc1c9d60 JavaThread "Thread-6" daemon [_thread_in_native, id=16304, stack(0x00000079b6a00000,0x00000079b6b00000)]
  0x00000195fc1c8920 JavaThread "Thread-7" daemon [_thread_in_native, id=23480, stack(0x00000079b6b00000,0x00000079b6c00000)]
  0x00000195fc1c8e30 JavaThread "Thread-8" daemon [_thread_in_native, id=5544, stack(0x00000079b6c00000,0x00000079b6d00000)]
  0x00000195fc1ca270 JavaThread "Thread-9" daemon [_thread_in_native, id=9936, stack(0x00000079b6d00000,0x00000079b6e00000)]
  0x00000195fc1c60a0 JavaThread "Thread-10" daemon [_thread_in_native, id=18092, stack(0x00000079b6e00000,0x00000079b6f00000)]
  0x00000195fc1ca780 JavaThread "Thread-11" daemon [_thread_in_native, id=19684, stack(0x00000079b6f00000,0x00000079b7000000)]
  0x00000195fc1c9340 JavaThread "Thread-12" daemon [_thread_in_native, id=17724, stack(0x00000079b7000000,0x00000079b7100000)]
  0x00000195fc1cac90 JavaThread "Thread-13" daemon [_thread_in_native, id=17444, stack(0x00000079b7100000,0x00000079b7200000)]
  0x00000195fc1cb1a0 JavaThread "Thread-14" daemon [_thread_in_native, id=8076, stack(0x00000079b7200000,0x00000079b7300000)]
  0x00000195fc1cb6b0 JavaThread "Worker-2" [_thread_blocked, id=15436, stack(0x00000079b7300000,0x00000079b7400000)]
  0x00000195fc1cc0d0 JavaThread "pool-2-thread-1" [_thread_blocked, id=21912, stack(0x00000079b7400000,0x00000079b7500000)]
  0x00000195fc1ccaf0 JavaThread "Worker-3" [_thread_blocked, id=19788, stack(0x00000079b7500000,0x00000079b7600000)]
  0x00000195fc1c5680 JavaThread "WorkspaceEventsHandler" [_thread_blocked, id=8156, stack(0x00000079b7600000,0x00000079b7700000)]
  0x00000195fdba7fc0 JavaThread "pool-1-thread-1" [_thread_blocked, id=11120, stack(0x00000079b7700000,0x00000079b7800000)]
  0x00000195fdba6160 JavaThread "Worker-4" [_thread_blocked, id=5136, stack(0x00000079b7800000,0x00000079b7900000)]
  0x00000195fdba89e0 JavaThread "LocalFile Deleter" daemon [_thread_blocked, id=23484, stack(0x00000079b7900000,0x00000079b7a00000)]
  0x00000195fdbaa840 JavaThread "LocalFile Deleter" daemon [_thread_blocked, id=23528, stack(0x00000079b7a00000,0x00000079b7b00000)]
  0x00000195fdba75a0 JavaThread "LocalFile Deleter" daemon [_thread_blocked, id=18316, stack(0x00000079b7b00000,0x00000079b7c00000)]
  0x00000195fdba6670 JavaThread "LocalFile Deleter" daemon [_thread_blocked, id=21028, stack(0x00000079b7c00000,0x00000079b7d00000)]
  0x00000195fdba9400 JavaThread "LocalFile Deleter" daemon [_thread_blocked, id=7656, stack(0x00000079b7d00000,0x00000079b7e00000)]
  0x00000195fdbaad50 JavaThread "LocalFile Deleter" daemon [_thread_blocked, id=22896, stack(0x00000079b7e00000,0x00000079b7f00000)]
  0x00000195fdbab260 JavaThread "LocalFile Deleter" daemon [_thread_blocked, id=22060, stack(0x00000079b7f00000,0x00000079b8000000)]
  0x00000195fdba4810 JavaThread "LocalFile Deleter" daemon [_thread_blocked, id=15552, stack(0x00000079b8000000,0x00000079b8100000)]
  0x00000195fdba5740 JavaThread "LocalFile Deleter" daemon [_thread_blocked, id=23156, stack(0x00000079b8100000,0x00000079b8200000)]
  0x00000195fdba5230 JavaThread "LocalFile Deleter" daemon [_thread_blocked, id=22084, stack(0x00000079b8200000,0x00000079b8300000)]
  0x00000195fdba9910 JavaThread "LocalFile Deleter" daemon [_thread_blocked, id=20252, stack(0x00000079b8300000,0x00000079b8400000)]
  0x00000195fdba9e20 JavaThread "LocalFile Deleter" daemon [_thread_blocked, id=15396, stack(0x00000079b8400000,0x00000079b8500000)]
  0x00000195fdba6b80 JavaThread "Compiler Source File Reader" daemon [_thread_blocked, id=3708, stack(0x00000079b8500000,0x00000079b8600000)]
  0x00000195fdba5c50 JavaThread "Compiler Source File Reader" daemon [_thread_blocked, id=13412, stack(0x00000079b8600000,0x00000079b8700000)]
  0x00000195fdbaa330 JavaThread "Compiler Source File Reader" daemon [_thread_blocked, id=15496, stack(0x00000079b8700000,0x00000079b8800000)]
  0x00000195fdbab770 JavaThread "Compiler Source File Reader" daemon [_thread_blocked, id=22368, stack(0x00000079b8800000,0x00000079b8900000)]
  0x00000195fdba7090 JavaThread "Compiler Source File Reader" daemon [_thread_blocked, id=18772, stack(0x00000079b8900000,0x00000079b8a00000)]
  0x00000195f9a58cf0 JavaThread "Compiler Source File Reader" daemon [_thread_blocked, id=16712, stack(0x00000079b8a00000,0x00000079b8b00000)]
  0x000001959305eec0 JavaThread "Compiler Source File Reader" daemon [_thread_blocked, id=20848, stack(0x00000079b8b00000,0x00000079b8c00000)]
  0x0000019593063090 JavaThread "Compiler Source File Reader" daemon [_thread_blocked, id=8872, stack(0x00000079b8c00000,0x00000079b8d00000)]
  0x000001959305e4a0 JavaThread "Compiler Source File Reader" daemon [_thread_blocked, id=19180, stack(0x00000079b8d00000,0x00000079b8e00000)]
  0x0000019593061740 JavaThread "Compiler Source File Reader" daemon [_thread_blocked, id=14548, stack(0x00000079b8e00000,0x00000079b8f00000)]
  0x0000019593060300 JavaThread "Compiler Processing Task" daemon [_thread_blocked, id=5528, stack(0x00000079b8f00000,0x00000079b9000000)]
  0x0000019593060810 JavaThread "Compiler Class File Writer" daemon [_thread_blocked, id=16708, stack(0x00000079b9000000,0x00000079b9100000)]
  0x00000195930644d0 JavaThread "Compiler Class File Writer" daemon [_thread_blocked, id=19604, stack(0x00000079b9100000,0x00000079b9200000)]
  0x0000019593060d20 JavaThread "Compiler Class File Writer" daemon [_thread_blocked, id=4404, stack(0x00000079b9200000,0x00000079b9300000)]
  0x000001959305f3d0 JavaThread "Compiler Class File Writer" daemon [_thread_blocked, id=9716, stack(0x00000079b9300000,0x00000079b9400000)]
  0x0000019593061230 JavaThread "Compiler Class File Writer" daemon [_thread_blocked, id=8512, stack(0x00000079b9400000,0x00000079b9500000)]
  0x0000019593062670 JavaThread "Compiler Class File Writer" daemon [_thread_blocked, id=12360, stack(0x00000079b9500000,0x00000079b9600000)]
  0x000001959305f8e0 JavaThread "Compiler Class File Writer" daemon [_thread_blocked, id=21992, stack(0x00000079b9600000,0x00000079b9700000)]
  0x000001959305d060 JavaThread "Compiler Class File Writer" daemon [_thread_blocked, id=23448, stack(0x00000079b9700000,0x00000079b9800000)]
  0x0000019593062b80 JavaThread "Compiler Class File Writer" daemon [_thread_blocked, id=22344, stack(0x00000079b9800000,0x00000079b9900000)]
  0x00000195930635a0 JavaThread "Compiler Class File Writer" daemon [_thread_blocked, id=9644, stack(0x00000079b9900000,0x00000079b9a00000)]
  0x00000195930649e0 JavaThread "Worker-5" [_thread_blocked, id=4960, stack(0x00000079b6000000,0x00000079b6100000)]
  0x000001959305da80 JavaThread "ForkJoinPool.commonPool-worker-1" daemon [_thread_blocked, id=14860, stack(0x00000079b9a00000,0x00000079b9b00000)]
  0x000001959305e9b0 JavaThread "ForkJoinPool.commonPool-worker-2" daemon [_thread_blocked, id=14084, stack(0x00000079b9b00000,0x00000079b9c00000)]
  0x00000195fdba7ab0 JavaThread "ForkJoinPool.commonPool-worker-3" daemon [_thread_blocked, id=20620, stack(0x00000079b9c00000,0x00000079b9d00000)]
  0x00000195fdba84d0 JavaThread "ForkJoinPool.commonPool-worker-4" daemon [_thread_blocked, id=17168, stack(0x00000079b9d00000,0x00000079b9e00000)]
  0x00000195fdba3df0 JavaThread "ForkJoinPool.commonPool-worker-5" daemon [_thread_blocked, id=19908, stack(0x00000079b9e00000,0x00000079b9f00000)]
  0x00000195fdba4300 JavaThread "ForkJoinPool.commonPool-worker-6" daemon [_thread_blocked, id=23456, stack(0x00000079b9f00000,0x00000079ba000000)]
  0x00000195f9a582d0 JavaThread "ForkJoinPool.commonPool-worker-7" daemon [_thread_blocked, id=13656, stack(0x00000079ba000000,0x00000079ba100000)]
  0x00000195938d3940 JavaThread "ForkJoinPool.commonPool-worker-8" daemon [_thread_blocked, id=1684, stack(0x00000079ba100000,0x00000079ba200000)]
  0x00000195938d4d80 JavaThread "ForkJoinPool.commonPool-worker-9" daemon [_thread_blocked, id=11584, stack(0x00000079ba200000,0x00000079ba300000)]
  0x00000195938d7b10 JavaThread "ForkJoinPool.commonPool-worker-10" daemon [_thread_blocked, id=17120, stack(0x00000079ba300000,0x00000079ba400000)]
  0x00000195938d8020 JavaThread "ForkJoinPool.commonPool-worker-11" daemon [_thread_blocked, id=11240, stack(0x00000079ba500000,0x00000079ba600000)]
  0x00000195938d57a0 JavaThread "Cleaner-0" daemon [_thread_blocked, id=11508, stack(0x00000079ba600000,0x00000079ba700000)]

Other Threads:
  0x00000195f9a14870 VMThread "VM Thread" [stack: 0x00000079b4100000,0x00000079b4200000] [id=14612]
  0x00000195fb20d260 WatcherThread [stack: 0x00000079b4f00000,0x00000079b5000000] [id=21292]
  0x00000195efaad4b0 GCTaskThread "GC Thread#0" [stack: 0x00000079b4000000,0x00000079b4100000] [id=14324]
  0x00000195fb9922c0 GCTaskThread "GC Thread#1" [stack: 0x00000079b5100000,0x00000079b5200000] [id=17640]
  0x00000195fba7bb70 GCTaskThread "GC Thread#2" [stack: 0x00000079b5200000,0x00000079b5300000] [id=8392]
  0x00000195fba7be30 GCTaskThread "GC Thread#3" [stack: 0x00000079b5300000,0x00000079b5400000] [id=11220]
  0x00000195fba7c0f0 GCTaskThread "GC Thread#4" [stack: 0x00000079b5400000,0x00000079b5500000] [id=17576]
  0x00000195fba0b3a0 GCTaskThread "GC Thread#5" [stack: 0x00000079b5500000,0x00000079b5600000] [id=17676]
  0x00000195fba0a8a0 GCTaskThread "GC Thread#6" [stack: 0x00000079b5a00000,0x00000079b5b00000] [id=13376]
  0x00000195fba0b0e0 GCTaskThread "GC Thread#7" [stack: 0x00000079b5b00000,0x00000079b5c00000] [id=9736]
  0x00000195fba0a5e0 GCTaskThread "GC Thread#8" [stack: 0x00000079b5d00000,0x00000079b5e00000] [id=14584]
  0x00000195fba0a060 GCTaskThread "GC Thread#9" [stack: 0x00000079b5e00000,0x00000079b5f00000] [id=9704]

Threads with active compile tasks:
C2 CompilerThread0    17898 15463       4       org.eclipse.core.internal.resources.Project::hasNature (36 bytes)

VM state: not at safepoint (normal execution)

VM Mutex/Monitor currently owned by a thread: None

Heap address: 0x00000000c0000000, size: 1024 MB, Compressed Oops mode: 32-bit

CDS archive(s) not mapped
Compressed class space mapped at: 0x0000000100000000-0x0000000140000000, reserved size: 1073741824
Narrow klass base: 0x0000000000000000, Narrow klass shift: 3, Narrow klass range: 0x140000000

GC Precious Log:
 CPUs: 12 total, 12 available
 Memory: 16122M
 Large Page Support: Disabled
 NUMA Support: Disabled
 Compressed Oops: Enabled (32-bit)
 Alignments: Space 512K, Generation 512K, Heap 2M
 Heap Min Capacity: 100M
 Heap Initial Capacity: 100M
 Heap Max Capacity: 1G
 Pre-touch: Disabled
 Parallel Workers: 10

Heap:
 PSYoungGen      total 44544K, used 19834K [0x00000000eab00000, 0x00000000ee980000, 0x0000000100000000)
  eden space 26112K, 6% used [0x00000000eab00000,0x00000000eacbf328,0x00000000ec480000)
  from space 18432K, 97% used [0x00000000ec800000,0x00000000ed99f7d0,0x00000000eda00000)
  to   space 15872K, 0% used [0x00000000eda00000,0x00000000eda00000,0x00000000ee980000)
 ParOldGen       total 227840K, used 191023K [0x00000000c0000000, 0x00000000cde80000, 0x00000000eab00000)
  object space 227840K, 83% used [0x00000000c0000000,0x00000000cba8bd98,0x00000000cde80000)
 Metaspace       used 79313K, committed 80704K, reserved 1179648K
  class space    used 8181K, committed 8832K, reserved 1048576K

Card table byte_map: [0x00000195ef410000,0x00000195ef620000] _byte_map_base: 0x00000195eee10000

Marking Bits: (ParMarkBitMap*) 0x00007ffae01a6940
 Begin Bits: [0x00000195f2710000, 0x00000195f3710000)
 End Bits:   [0x00000195f3710000, 0x00000195f4710000)

Polling page: 0x00000195eda50000

Metaspace:

Usage:
  Non-class:     69.47 MB used.
      Class:      7.99 MB used.
       Both:     77.45 MB used.

Virtual space:
  Non-class space:      128.00 MB reserved,      70.19 MB ( 55%) committed,  2 nodes.
      Class space:        1.00 GB reserved,       8.62 MB ( <1%) committed,  1 nodes.
             Both:        1.12 GB reserved,      78.81 MB (  7%) committed. 

Chunk freelists:
   Non-Class:  9.77 MB
       Class:  7.36 MB
        Both:  17.12 MB

MaxMetaspaceSize: unlimited
CompressedClassSpaceSize: 1.00 GB
Initial GC threshold: 21.00 MB
Current GC threshold: 130.62 MB
CDS: off
MetaspaceReclaimPolicy: balanced
 - commit_granule_bytes: 65536.
 - commit_granule_words: 8192.
 - virtual_space_node_default_size: 8388608.
 - enlarge_chunks_in_place: 1.
 - new_chunks_are_fully_committed: 0.
 - uncommit_free_chunks: 1.
 - use_allocation_guard: 0.
 - handle_deallocations: 1.


Internal statistics:

num_allocs_failed_limit: 6.
num_arena_births: 1084.
num_arena_deaths: 30.
num_vsnodes_births: 3.
num_vsnodes_deaths: 0.
num_space_committed: 1261.
num_space_uncommitted: 0.
num_chunks_returned_to_freelist: 44.
num_chunks_taken_from_freelist: 4576.
num_chunk_merges: 21.
num_chunk_splits: 2755.
num_chunks_enlarged: 1515.
num_inconsistent_stats: 0.

CodeHeap 'non-profiled nmethods': size=120000Kb used=9761Kb max_used=9761Kb free=110238Kb
 bounds [0x0000019587ad0000, 0x0000019588460000, 0x000001958f000000]
CodeHeap 'profiled nmethods': size=120000Kb used=24082Kb max_used=24082Kb free=95918Kb
 bounds [0x0000019580000000, 0x0000019581790000, 0x0000019587530000]
CodeHeap 'non-nmethods': size=5760Kb used=1424Kb max_used=1536Kb free=4335Kb
 bounds [0x0000019587530000, 0x00000195877a0000, 0x0000019587ad0000]
 total_blobs=12830 nmethods=12061 adapters=678
 compilation: enabled
              stopped_count=0, restarted_count=0
 full_count=0

Compilation events (20 events):
Event: 17.863 Thread 0x00000195f9a63a80 15465       3       org.eclipse.jdt.internal.core.PackageFragment::getOrdinaryClassFile (76 bytes)
Event: 17.863 Thread 0x00000195f9a63a80 nmethod 15465 0x0000019581780290 code [0x00000195817804c0, 0x0000019581780b38]
Event: 17.863 Thread 0x00000195f9a63a80 15469       3       org.eclipse.jdt.internal.core.JavaModel::getJavaProject (23 bytes)
Event: 17.863 Thread 0x00000195f9a63a80 nmethod 15469 0x0000019581780e10 code [0x0000019581781000, 0x0000019581781598]
Event: 17.863 Thread 0x00000195f9a63a80 15471       3       org.eclipse.jface.text.ListLineTracker::findLine (164 bytes)
Event: 17.864 Thread 0x00000195f9a63a80 nmethod 15471 0x0000019581781810 code [0x0000019581781a20, 0x0000019581782378]
Event: 17.864 Thread 0x00000195f9a63a80 15470       3       org.eclipse.jdt.internal.core.JavaElement::toStringName (10 bytes)
Event: 17.864 Thread 0x00000195f9a63a80 nmethod 15470 0x0000019581782610 code [0x00000195817827c0, 0x0000019581782a18]
Event: 17.864 Thread 0x00000195f9a63a80 15472       3       org.eclipse.jdt.internal.core.util.Util::isExcluded (39 bytes)
Event: 17.864 Thread 0x00000195f9a63a80 nmethod 15472 0x0000019581782b10 code [0x0000019581782d20, 0x00000195817833a8]
Event: 17.864 Thread 0x00000195f9a63a80 15474       3       org.eclipse.jdt.internal.core.BinaryType::getMethod (7 bytes)
Event: 17.864 Thread 0x00000195f9a63a80 nmethod 15474 0x0000019581783690 code [0x0000019581783820, 0x00000195817839c8]
Event: 17.864 Thread 0x00000195f9a63a80 15475       3       org.eclipse.jdt.internal.core.BinaryType::getMethod (11 bytes)
Event: 17.864 Thread 0x00000195f9a63a80 nmethod 15475 0x0000019581783a90 code [0x0000019581783c40, 0x0000019581783e08]
Event: 17.864 Thread 0x00000195f9a63a80 15476       3       org.eclipse.jdt.internal.core.BinaryMethod::<init> (9 bytes)
Event: 17.864 Thread 0x00000195f9a63a80 nmethod 15476 0x0000019581783f10 code [0x00000195817840e0, 0x0000019581784468]
Event: 17.864 Thread 0x00000195f9a63a80 15477       3       com.google.gson.internal.bind.TypeAdapters$3::write (10 bytes)
Event: 17.864 Thread 0x00000195f9a63a80 nmethod 15477 0x0000019581784610 code [0x00000195817847c0, 0x0000019581784ae8]
Event: 17.864 Thread 0x00000195f9a63a80 15473       3       org.eclipse.jdt.internal.core.JavaProject::getPackageFragmentRoot (98 bytes)
Event: 17.865 Thread 0x00000195f9a63a80 nmethod 15473 0x0000019581784c10 code [0x0000019581784ea0, 0x0000019581785df8]

GC Heap History (20 events):
Event: 14.636 GC heap before
{Heap before GC invocations=278 (full 12):
 PSYoungGen      total 32768K, used 32278K [0x00000000eab00000, 0x00000000ecf80000, 0x0000000100000000)
  eden space 30720K, 100% used [0x00000000eab00000,0x00000000ec900000,0x00000000ec900000)
  from space 2048K, 76% used [0x00000000ec900000,0x00000000eca85928,0x00000000ecb00000)
  to   space 3072K, 0% used [0x00000000ecc80000,0x00000000ecc80000,0x00000000ecf80000)
 ParOldGen       total 227840K, used 159458K [0x00000000c0000000, 0x00000000cde80000, 0x00000000eab00000)
  object space 227840K, 69% used [0x00000000c0000000,0x00000000c9bb8ae0,0x00000000cde80000)
 Metaspace       used 78894K, committed 80256K, reserved 1179648K
  class space    used 8164K, committed 8768K, reserved 1048576K
}
Event: 14.637 GC heap after
{Heap after GC invocations=278 (full 12):
 PSYoungGen      total 33792K, used 3052K [0x00000000eab00000, 0x00000000ed000000, 0x0000000100000000)
  eden space 30720K, 0% used [0x00000000eab00000,0x00000000eab00000,0x00000000ec900000)
  from space 3072K, 99% used [0x00000000ecc80000,0x00000000ecf7b280,0x00000000ecf80000)
  to   space 3584K, 0% used [0x00000000ec900000,0x00000000ec900000,0x00000000ecc80000)
 ParOldGen       total 227840K, used 159642K [0x00000000c0000000, 0x00000000cde80000, 0x00000000eab00000)
  object space 227840K, 70% used [0x00000000c0000000,0x00000000c9be6ae0,0x00000000cde80000)
 Metaspace       used 78894K, committed 80256K, reserved 1179648K
  class space    used 8164K, committed 8768K, reserved 1048576K
}
Event: 14.716 GC heap before
{Heap before GC invocations=279 (full 12):
 PSYoungGen      total 33792K, used 33772K [0x00000000eab00000, 0x00000000ed000000, 0x0000000100000000)
  eden space 30720K, 100% used [0x00000000eab00000,0x00000000ec900000,0x00000000ec900000)
  from space 3072K, 99% used [0x00000000ecc80000,0x00000000ecf7b280,0x00000000ecf80000)
  to   space 3584K, 0% used [0x00000000ec900000,0x00000000ec900000,0x00000000ecc80000)
 ParOldGen       total 227840K, used 159642K [0x00000000c0000000, 0x00000000cde80000, 0x00000000eab00000)
  object space 227840K, 70% used [0x00000000c0000000,0x00000000c9be6ae0,0x00000000cde80000)
 Metaspace       used 78895K, committed 80256K, reserved 1179648K
  class space    used 8164K, committed 8768K, reserved 1048576K
}
Event: 14.717 GC heap after
{Heap after GC invocations=279 (full 12):
 PSYoungGen      total 34304K, used 3561K [0x00000000eab00000, 0x00000000ed100000, 0x0000000100000000)
  eden space 30720K, 0% used [0x00000000eab00000,0x00000000eab00000,0x00000000ec900000)
  from space 3584K, 99% used [0x00000000ec900000,0x00000000ecc7a4e8,0x00000000ecc80000)
  to   space 4096K, 0% used [0x00000000ecd00000,0x00000000ecd00000,0x00000000ed100000)
 ParOldGen       total 227840K, used 159682K [0x00000000c0000000, 0x00000000cde80000, 0x00000000eab00000)
  object space 227840K, 70% used [0x00000000c0000000,0x00000000c9bf0ae0,0x00000000cde80000)
 Metaspace       used 78895K, committed 80256K, reserved 1179648K
  class space    used 8164K, committed 8768K, reserved 1048576K
}
Event: 14.772 GC heap before
{Heap before GC invocations=280 (full 12):
 PSYoungGen      total 34304K, used 34281K [0x00000000eab00000, 0x00000000ed100000, 0x0000000100000000)
  eden space 30720K, 100% used [0x00000000eab00000,0x00000000ec900000,0x00000000ec900000)
  from space 3584K, 99% used [0x00000000ec900000,0x00000000ecc7a4e8,0x00000000ecc80000)
  to   space 4096K, 0% used [0x00000000ecd00000,0x00000000ecd00000,0x00000000ed100000)
 ParOldGen       total 227840K, used 159682K [0x00000000c0000000, 0x00000000cde80000, 0x00000000eab00000)
  object space 227840K, 70% used [0x00000000c0000000,0x00000000c9bf0ae0,0x00000000cde80000)
 Metaspace       used 78895K, committed 80256K, reserved 1179648K
  class space    used 8164K, committed 8768K, reserved 1048576K
}
Event: 14.774 GC heap after
{Heap after GC invocations=280 (full 12):
 PSYoungGen      total 31232K, used 4075K [0x00000000eab00000, 0x00000000ed800000, 0x0000000100000000)
  eden space 27136K, 0% used [0x00000000eab00000,0x00000000eab00000,0x00000000ec580000)
  from space 4096K, 99% used [0x00000000ecd00000,0x00000000ed0face8,0x00000000ed100000)
  to   space 7680K, 0% used [0x00000000ec580000,0x00000000ec580000,0x00000000ecd00000)
 ParOldGen       total 227840K, used 162610K [0x00000000c0000000, 0x00000000cde80000, 0x00000000eab00000)
  object space 227840K, 71% used [0x00000000c0000000,0x00000000c9eccae0,0x00000000cde80000)
 Metaspace       used 78895K, committed 80256K, reserved 1179648K
  class space    used 8164K, committed 8768K, reserved 1048576K
}
Event: 14.848 GC heap before
{Heap before GC invocations=281 (full 12):
 PSYoungGen      total 31232K, used 31211K [0x00000000eab00000, 0x00000000ed800000, 0x0000000100000000)
  eden space 27136K, 100% used [0x00000000eab00000,0x00000000ec580000,0x00000000ec580000)
  from space 4096K, 99% used [0x00000000ecd00000,0x00000000ed0face8,0x00000000ed100000)
  to   space 7680K, 0% used [0x00000000ec580000,0x00000000ec580000,0x00000000ecd00000)
 ParOldGen       total 227840K, used 162610K [0x00000000c0000000, 0x00000000cde80000, 0x00000000eab00000)
  object space 227840K, 71% used [0x00000000c0000000,0x00000000c9eccae0,0x00000000cde80000)
 Metaspace       used 78895K, committed 80256K, reserved 1179648K
  class space    used 8164K, committed 8768K, reserved 1048576K
}
Event: 14.849 GC heap after
{Heap after GC invocations=281 (full 12):
 PSYoungGen      total 31232K, used 3713K [0x00000000eab00000, 0x00000000ecf80000, 0x0000000100000000)
  eden space 27136K, 0% used [0x00000000eab00000,0x00000000eab00000,0x00000000ec580000)
  from space 4096K, 90% used [0x00000000ec580000,0x00000000ec9206d0,0x00000000ec980000)
  to   space 5120K, 0% used [0x00000000eca80000,0x00000000eca80000,0x00000000ecf80000)
 ParOldGen       total 227840K, used 163516K [0x00000000c0000000, 0x00000000cde80000, 0x00000000eab00000)
  object space 227840K, 71% used [0x00000000c0000000,0x00000000c9faf010,0x00000000cde80000)
 Metaspace       used 78895K, committed 80256K, reserved 1179648K
  class space    used 8164K, committed 8768K, reserved 1048576K
}
Event: 14.936 GC heap before
{Heap before GC invocations=282 (full 12):
 PSYoungGen      total 31232K, used 30450K [0x00000000eab00000, 0x00000000ecf80000, 0x0000000100000000)
  eden space 27136K, 98% used [0x00000000eab00000,0x00000000ec51c350,0x00000000ec580000)
  from space 4096K, 90% used [0x00000000ec580000,0x00000000ec9206d0,0x00000000ec980000)
  to   space 5120K, 0% used [0x00000000eca80000,0x00000000eca80000,0x00000000ecf80000)
 ParOldGen       total 227840K, used 163516K [0x00000000c0000000, 0x00000000cde80000, 0x00000000eab00000)
  object space 227840K, 71% used [0x00000000c0000000,0x00000000c9faf010,0x00000000cde80000)
 Metaspace       used 79026K, committed 80384K, reserved 1179648K
  class space    used 8173K, committed 8768K, reserved 1048576K
}
Event: 14.938 GC heap after
{Heap after GC invocations=282 (full 12):
 PSYoungGen      total 31744K, used 5112K [0x00000000eab00000, 0x00000000ed080000, 0x0000000100000000)
  eden space 26624K, 0% used [0x00000000eab00000,0x00000000eab00000,0x00000000ec500000)
  from space 5120K, 99% used [0x00000000eca80000,0x00000000ecf7e280,0x00000000ecf80000)
  to   space 5632K, 0% used [0x00000000ec500000,0x00000000ec500000,0x00000000eca80000)
 ParOldGen       total 227840K, used 163652K [0x00000000c0000000, 0x00000000cde80000, 0x00000000eab00000)
  object space 227840K, 71% used [0x00000000c0000000,0x00000000c9fd1010,0x00000000cde80000)
 Metaspace       used 79026K, committed 80384K, reserved 1179648K
  class space    used 8173K, committed 8768K, reserved 1048576K
}
Event: 15.038 GC heap before
{Heap before GC invocations=283 (full 12):
 PSYoungGen      total 31744K, used 31736K [0x00000000eab00000, 0x00000000ed080000, 0x0000000100000000)
  eden space 26624K, 100% used [0x00000000eab00000,0x00000000ec500000,0x00000000ec500000)
  from space 5120K, 99% used [0x00000000eca80000,0x00000000ecf7e280,0x00000000ecf80000)
  to   space 5632K, 0% used [0x00000000ec500000,0x00000000ec500000,0x00000000eca80000)
 ParOldGen       total 227840K, used 163652K [0x00000000c0000000, 0x00000000cde80000, 0x00000000eab00000)
  object space 227840K, 71% used [0x00000000c0000000,0x00000000c9fd1010,0x00000000cde80000)
 Metaspace       used 79136K, committed 80576K, reserved 1179648K
  class space    used 8178K, committed 8832K, reserved 1048576K
}
Event: 15.043 GC heap after
{Heap after GC invocations=283 (full 12):
 PSYoungGen      total 32256K, used 5631K [0x00000000eab00000, 0x00000000ee400000, 0x0000000100000000)
  eden space 26624K, 0% used [0x00000000eab00000,0x00000000eab00000,0x00000000ec500000)
  from space 5632K, 99% used [0x00000000ec500000,0x00000000eca7fea0,0x00000000eca80000)
  to   space 15872K, 0% used [0x00000000ed480000,0x00000000ed480000,0x00000000ee400000)
 ParOldGen       total 227840K, used 172177K [0x00000000c0000000, 0x00000000cde80000, 0x00000000eab00000)
  object space 227840K, 75% used [0x00000000c0000000,0x00000000ca8245b0,0x00000000cde80000)
 Metaspace       used 79136K, committed 80576K, reserved 1179648K
  class space    used 8178K, committed 8832K, reserved 1048576K
}
Event: 15.183 GC heap before
{Heap before GC invocations=284 (full 12):
 PSYoungGen      total 32256K, used 32255K [0x00000000eab00000, 0x00000000ee400000, 0x0000000100000000)
  eden space 26624K, 100% used [0x00000000eab00000,0x00000000ec500000,0x00000000ec500000)
  from space 5632K, 99% used [0x00000000ec500000,0x00000000eca7fea0,0x00000000eca80000)
  to   space 15872K, 0% used [0x00000000ed480000,0x00000000ed480000,0x00000000ee400000)
 ParOldGen       total 227840K, used 172177K [0x00000000c0000000, 0x00000000cde80000, 0x00000000eab00000)
  object space 227840K, 75% used [0x00000000c0000000,0x00000000ca8245b0,0x00000000cde80000)
 Metaspace       used 79176K, committed 80576K, reserved 1179648K
  class space    used 8179K, committed 8832K, reserved 1048576K
}
Event: 15.191 GC heap after
{Heap after GC invocations=284 (full 12):
 PSYoungGen      total 41984K, used 15692K [0x00000000eab00000, 0x00000000ee500000, 0x0000000100000000)
  eden space 26112K, 0% used [0x00000000eab00000,0x00000000eab00000,0x00000000ec480000)
  from space 15872K, 98% used [0x00000000ed480000,0x00000000ee3d3048,0x00000000ee400000)
  to   space 16384K, 0% used [0x00000000ec480000,0x00000000ec480000,0x00000000ed480000)
 ParOldGen       total 227840K, used 175209K [0x00000000c0000000, 0x00000000cde80000, 0x00000000eab00000)
  object space 227840K, 76% used [0x00000000c0000000,0x00000000cab1a4f0,0x00000000cde80000)
 Metaspace       used 79176K, committed 80576K, reserved 1179648K
  class space    used 8179K, committed 8832K, reserved 1048576K
}
Event: 15.262 GC heap before
{Heap before GC invocations=285 (full 12):
 PSYoungGen      total 41984K, used 41186K [0x00000000eab00000, 0x00000000ee500000, 0x0000000100000000)
  eden space 26112K, 97% used [0x00000000eab00000,0x00000000ec3e5b60,0x00000000ec480000)
  from space 15872K, 98% used [0x00000000ed480000,0x00000000ee3d3048,0x00000000ee400000)
  to   space 16384K, 0% used [0x00000000ec480000,0x00000000ec480000,0x00000000ed480000)
 ParOldGen       total 227840K, used 175209K [0x00000000c0000000, 0x00000000cde80000, 0x00000000eab00000)
  object space 227840K, 76% used [0x00000000c0000000,0x00000000cab1a4f0,0x00000000cde80000)
 Metaspace       used 79176K, committed 80576K, reserved 1179648K
  class space    used 8179K, committed 8832K, reserved 1048576K
}
Event: 15.268 GC heap after
{Heap after GC invocations=285 (full 12):
 PSYoungGen      total 42496K, used 16365K [0x00000000eab00000, 0x00000000ef580000, 0x0000000100000000)
  eden space 26112K, 0% used [0x00000000eab00000,0x00000000eab00000,0x00000000ec480000)
  from space 16384K, 99% used [0x00000000ec480000,0x00000000ed47b598,0x00000000ed480000)
  to   space 25088K, 0% used [0x00000000edd00000,0x00000000edd00000,0x00000000ef580000)
 ParOldGen       total 227840K, used 182357K [0x00000000c0000000, 0x00000000cde80000, 0x00000000eab00000)
  object space 227840K, 80% used [0x00000000c0000000,0x00000000cb2154f8,0x00000000cde80000)
 Metaspace       used 79176K, committed 80576K, reserved 1179648K
  class space    used 8179K, committed 8832K, reserved 1048576K
}
Event: 15.349 GC heap before
{Heap before GC invocations=286 (full 12):
 PSYoungGen      total 42496K, used 42477K [0x00000000eab00000, 0x00000000ef580000, 0x0000000100000000)
  eden space 26112K, 100% used [0x00000000eab00000,0x00000000ec480000,0x00000000ec480000)
  from space 16384K, 99% used [0x00000000ec480000,0x00000000ed47b598,0x00000000ed480000)
  to   space 25088K, 0% used [0x00000000edd00000,0x00000000edd00000,0x00000000ef580000)
 ParOldGen       total 227840K, used 182357K [0x00000000c0000000, 0x00000000cde80000, 0x00000000eab00000)
  object space 227840K, 80% used [0x00000000c0000000,0x00000000cb2154f8,0x00000000cde80000)
 Metaspace       used 79198K, committed 80640K, reserved 1179648K
  class space    used 8179K, committed 8832K, reserved 1048576K
}
Event: 15.355 GC heap after
{Heap after GC invocations=286 (full 12):
 PSYoungGen      total 41472K, used 15204K [0x00000000eab00000, 0x00000000eec00000, 0x0000000100000000)
  eden space 26112K, 0% used [0x00000000eab00000,0x00000000eab00000,0x00000000ec480000)
  from space 15360K, 98% used [0x00000000edd00000,0x00000000eebd9248,0x00000000eec00000)
  to   space 18432K, 0% used [0x00000000ec800000,0x00000000ec800000,0x00000000eda00000)
 ParOldGen       total 227840K, used 191023K [0x00000000c0000000, 0x00000000cde80000, 0x00000000eab00000)
  object space 227840K, 83% used [0x00000000c0000000,0x00000000cba8bd98,0x00000000cde80000)
 Metaspace       used 79198K, committed 80640K, reserved 1179648K
  class space    used 8179K, committed 8832K, reserved 1048576K
}
Event: 16.780 GC heap before
{Heap before GC invocations=287 (full 12):
 PSYoungGen      total 41472K, used 41316K [0x00000000eab00000, 0x00000000eec00000, 0x0000000100000000)
  eden space 26112K, 100% used [0x00000000eab00000,0x00000000ec480000,0x00000000ec480000)
  from space 15360K, 98% used [0x00000000edd00000,0x00000000eebd9248,0x00000000eec00000)
  to   space 18432K, 0% used [0x00000000ec800000,0x00000000ec800000,0x00000000eda00000)
 ParOldGen       total 227840K, used 191023K [0x00000000c0000000, 0x00000000cde80000, 0x00000000eab00000)
  object space 227840K, 83% used [0x00000000c0000000,0x00000000cba8bd98,0x00000000cde80000)
 Metaspace       used 79290K, committed 80704K, reserved 1179648K
  class space    used 8181K, committed 8832K, reserved 1048576K
}
Event: 16.784 GC heap after
{Heap after GC invocations=287 (full 12):
 PSYoungGen      total 44544K, used 18045K [0x00000000eab00000, 0x00000000ee980000, 0x0000000100000000)
  eden space 26112K, 0% used [0x00000000eab00000,0x00000000eab00000,0x00000000ec480000)
  from space 18432K, 97% used [0x00000000ec800000,0x00000000ed99f7d0,0x00000000eda00000)
  to   space 15872K, 0% used [0x00000000eda00000,0x00000000eda00000,0x00000000ee980000)
 ParOldGen       total 227840K, used 191023K [0x00000000c0000000, 0x00000000cde80000, 0x00000000eab00000)
  object space 227840K, 83% used [0x00000000c0000000,0x00000000cba8bd98,0x00000000cde80000)
 Metaspace       used 79290K, committed 80704K, reserved 1179648K
  class space    used 8181K, committed 8832K, reserved 1048576K
}

Dll operation events (10 events):
Event: 0.010 Loaded shared library c:\Users\DERIL WIJDAN FALIH\.vscode\extensions\redhat.java-1.37.0-win32-x64\jre\17.0.13-win32-x86_64\bin\java.dll
Event: 0.104 Loaded shared library c:\Users\DERIL WIJDAN FALIH\.vscode\extensions\redhat.java-1.37.0-win32-x64\jre\17.0.13-win32-x86_64\bin\zip.dll
Event: 0.106 Loaded shared library C:\Users\DERIL WIJDAN FALIH\.vscode\extensions\redhat.java-1.37.0-win32-x64\jre\17.0.13-win32-x86_64\bin\instrument.dll
Event: 0.115 Loaded shared library C:\Users\DERIL WIJDAN FALIH\.vscode\extensions\redhat.java-1.37.0-win32-x64\jre\17.0.13-win32-x86_64\bin\net.dll
Event: 0.116 Loaded shared library C:\Users\DERIL WIJDAN FALIH\.vscode\extensions\redhat.java-1.37.0-win32-x64\jre\17.0.13-win32-x86_64\bin\nio.dll
Event: 0.121 Loaded shared library C:\Users\DERIL WIJDAN FALIH\.vscode\extensions\redhat.java-1.37.0-win32-x64\jre\17.0.13-win32-x86_64\bin\zip.dll
Event: 0.130 Loaded shared library C:\Users\DERIL WIJDAN FALIH\.vscode\extensions\redhat.java-1.37.0-win32-x64\jre\17.0.13-win32-x86_64\bin\jimage.dll
Event: 0.165 Loaded shared library c:\Users\DERIL WIJDAN FALIH\.vscode\extensions\redhat.java-1.37.0-win32-x64\jre\17.0.13-win32-x86_64\bin\verify.dll
Event: 0.713 Loaded shared library C:\Users\DERIL WIJDAN FALIH\AppData\Roaming\Code\User\globalStorage\redhat.java\1.37.0\config_win\org.eclipse.equinox.launcher\org.eclipse.equinox.launcher.win32.win32.x86_64_1.2.1100.v20240722-2106\eclipse_11904.dll
Event: 1.468 Loaded shared library C:\Users\DERIL WIJDAN FALIH\AppData\Local\Temp\jna-2112942453\jna7289731778105614206.dll

Deoptimization events (20 events):
Event: 15.384 Thread 0x00000195fc1c6ac0 DEOPT PACKING pc=0x00000195883ecf40 sp=0x00000079b65fec70
Event: 15.384 Thread 0x00000195fc1c6ac0 DEOPT UNPACKING pc=0x0000019587589ea3 sp=0x00000079b65feb80 mode 2
Event: 15.385 Thread 0x00000195fc1cb6b0 Uncommon trap: trap_request=0xffffff45 fr.pc=0x00000195883b1fe8 relative=0x0000000000000128
Event: 15.385 Thread 0x00000195fc1cb6b0 Uncommon trap: reason=unstable_if action=reinterpret pc=0x00000195883b1fe8 method=org.eclipse.jdt.ls.core.internal.CancellableProgressMonitor.isCanceled()Z @ 4 c2
Event: 15.385 Thread 0x00000195fc1cb6b0 DEOPT PACKING pc=0x00000195883b1fe8 sp=0x00000079b73fef20
Event: 15.385 Thread 0x00000195fc1cb6b0 DEOPT UNPACKING pc=0x0000019587589ea3 sp=0x00000079b73feeb8 mode 2
Event: 15.413 Thread 0x00000195938d7b10 DEOPT PACKING pc=0x00000195816bdbe2 sp=0x00000079ba3fe6f0
Event: 15.413 Thread 0x00000195938d7b10 DEOPT UNPACKING pc=0x000001958758a9e3 sp=0x00000079ba3fdcb8 mode 0
Event: 15.419 Thread 0x00000195fdba84d0 DEOPT PACKING pc=0x00000195816bdbe2 sp=0x00000079b9dfe620
Event: 15.419 Thread 0x00000195fdba84d0 DEOPT UNPACKING pc=0x000001958758a9e3 sp=0x00000079b9dfdbe8 mode 0
Event: 15.421 Thread 0x00000195fdba3df0 DEOPT PACKING pc=0x00000195816bdbe2 sp=0x00000079b9efe450
Event: 15.421 Thread 0x00000195fdba3df0 DEOPT UNPACKING pc=0x000001958758a9e3 sp=0x00000079b9efda18 mode 0
Event: 15.425 Thread 0x00000195fdba3df0 Uncommon trap: trap_request=0xffffff45 fr.pc=0x000001958841b874 relative=0x0000000000004dd4
Event: 15.425 Thread 0x00000195fdba3df0 Uncommon trap: reason=unstable_if action=reinterpret pc=0x000001958841b874 method=org.eclipse.jdt.internal.core.index.DiskIndex.readCategoryTable([CZ)Lorg/eclipse/jdt/internal/compiler/util/HashtableOfObject; @ 416 c2
Event: 15.425 Thread 0x00000195fdba3df0 DEOPT PACKING pc=0x000001958841b874 sp=0x00000079b9efe530
Event: 15.425 Thread 0x00000195fdba3df0 DEOPT UNPACKING pc=0x0000019587589ea3 sp=0x00000079b9efe520 mode 2
Event: 15.427 Thread 0x00000195fdba3df0 Uncommon trap: trap_request=0xffffff45 fr.pc=0x00000195881afda4 relative=0x0000000000000264
Event: 15.427 Thread 0x00000195fdba3df0 Uncommon trap: reason=unstable_if action=reinterpret pc=0x00000195881afda4 method=org.eclipse.jdt.core.compiler.CharOperation.equals([C[CZ)Z @ 1 c2
Event: 15.427 Thread 0x00000195fdba3df0 DEOPT PACKING pc=0x00000195881afda4 sp=0x00000079b9efe710
Event: 15.427 Thread 0x00000195fdba3df0 DEOPT UNPACKING pc=0x0000019587589ea3 sp=0x00000079b9efe6c8 mode 2

Classes loaded (20 events):
Event: 7.577 Loading class java/lang/invoke/MethodHandleImpl$CountingWrapper$1
Event: 7.578 Loading class java/lang/invoke/MethodHandleImpl$CountingWrapper$1 done
Event: 7.745 Loading class java/nio/BufferMismatch
Event: 7.745 Loading class java/nio/BufferMismatch done
Event: 7.808 Loading class java/util/stream/ReduceOps$5
Event: 7.808 Loading class java/util/stream/ReduceOps$5 done
Event: 7.808 Loading class java/util/stream/ReduceOps$CountingSink$OfRef
Event: 7.808 Loading class java/util/stream/ReduceOps$CountingSink
Event: 7.808 Loading class java/util/stream/ReduceOps$CountingSink done
Event: 7.808 Loading class java/util/stream/ReduceOps$CountingSink$OfRef done
Event: 7.866 Loading class java/util/stream/ReduceOps$1
Event: 7.866 Loading class java/util/stream/ReduceOps$1 done
Event: 7.866 Loading class java/util/stream/ReduceOps$1ReducingSink
Event: 7.866 Loading class java/util/stream/ReduceOps$1ReducingSink done
Event: 8.704 Loading class jdk/internal/ref/CleanerImpl$InnocuousThreadFactory
Event: 8.704 Loading class jdk/internal/ref/CleanerImpl$InnocuousThreadFactory done
Event: 8.739 Loading class java/util/regex/Pattern$1
Event: 8.739 Loading class java/util/regex/Pattern$1 done
Event: 13.622 Loading class jdk/internal/module/IllegalAccessLogger
Event: 13.622 Loading class jdk/internal/module/IllegalAccessLogger done

Classes unloaded (15 events):
Event: 2.188 Thread 0x00000195f9a14870 Unloading class 0x0000000100258000 'java/lang/invoke/LambdaForm$MH+0x0000000100258000'
Event: 2.188 Thread 0x00000195f9a14870 Unloading class 0x0000000100257c00 'java/lang/invoke/LambdaForm$MH+0x0000000100257c00'
Event: 2.188 Thread 0x00000195f9a14870 Unloading class 0x0000000100257800 'java/lang/invoke/LambdaForm$MH+0x0000000100257800'
Event: 2.188 Thread 0x00000195f9a14870 Unloading class 0x0000000100257400 'java/lang/invoke/LambdaForm$MH+0x0000000100257400'
Event: 2.188 Thread 0x00000195f9a14870 Unloading class 0x0000000100257000 'java/lang/invoke/LambdaForm$BMH+0x0000000100257000'
Event: 2.188 Thread 0x00000195f9a14870 Unloading class 0x0000000100256c00 'java/lang/invoke/LambdaForm$DMH+0x0000000100256c00'
Event: 2.188 Thread 0x00000195f9a14870 Unloading class 0x0000000100254400 'java/lang/invoke/LambdaForm$DMH+0x0000000100254400'
Event: 6.491 Thread 0x00000195f9a14870 Unloading class 0x0000000100741000 'java/lang/invoke/LambdaForm$MH+0x0000000100741000'
Event: 6.491 Thread 0x00000195f9a14870 Unloading class 0x0000000100740c00 'java/lang/invoke/LambdaForm$MH+0x0000000100740c00'
Event: 6.491 Thread 0x00000195f9a14870 Unloading class 0x0000000100740800 'java/lang/invoke/LambdaForm$MH+0x0000000100740800'
Event: 6.491 Thread 0x00000195f9a14870 Unloading class 0x0000000100740400 'java/lang/invoke/LambdaForm$MH+0x0000000100740400'
Event: 6.491 Thread 0x00000195f9a14870 Unloading class 0x000000010073ac00 'java/lang/invoke/LambdaForm$DMH+0x000000010073ac00'
Event: 6.491 Thread 0x00000195f9a14870 Unloading class 0x000000010073a800 'java/lang/invoke/LambdaForm$DMH+0x000000010073a800'
Event: 6.491 Thread 0x00000195f9a14870 Unloading class 0x000000010073a400 'java/lang/invoke/LambdaForm$DMH+0x000000010073a400'
Event: 6.491 Thread 0x00000195f9a14870 Unloading class 0x000000010073a000 'java/lang/invoke/LambdaForm$DMH+0x000000010073a000'

Classes redefined (0 events):
No events

Internal exceptions (20 events):
Event: 14.434 Thread 0x00000195fc1c6ac0 Exception <a 'sun/nio/fs/WindowsException'{0x00000000ec7702f0}> (0x00000000ec7702f0) 
thrown [s\src\hotspot\share\prims\jni.cpp, line 516]
Event: 14.506 Thread 0x00000195fc1c6ac0 Exception <a 'sun/nio/fs/WindowsException'{0x00000000eb10fc30}> (0x00000000eb10fc30) 
thrown [s\src\hotspot\share\prims\jni.cpp, line 516]
Event: 14.509 Thread 0x00000195fc1c6ac0 Exception <a 'sun/nio/fs/WindowsException'{0x00000000eb16d2d8}> (0x00000000eb16d2d8) 
thrown [s\src\hotspot\share\prims\jni.cpp, line 516]
Event: 14.520 Thread 0x00000195fc1c6ac0 Exception <a 'sun/nio/fs/WindowsException'{0x00000000eb56ac00}> (0x00000000eb56ac00) 
thrown [s\src\hotspot\share\prims\jni.cpp, line 516]
Event: 14.523 Thread 0x00000195fc1c6ac0 Exception <a 'sun/nio/fs/WindowsException'{0x00000000eb585f40}> (0x00000000eb585f40) 
thrown [s\src\hotspot\share\prims\jni.cpp, line 516]
Event: 14.566 Thread 0x00000195fc1c6ac0 Exception <a 'sun/nio/fs/WindowsException'{0x00000000ec840b98}> (0x00000000ec840b98) 
thrown [s\src\hotspot\share\prims\jni.cpp, line 516]
Event: 14.589 Thread 0x00000195fc1c6ac0 Exception <a 'sun/nio/fs/WindowsException'{0x00000000eb28ac88}> (0x00000000eb28ac88) 
thrown [s\src\hotspot\share\prims\jni.cpp, line 516]
Event: 14.608 Thread 0x00000195fc1c6ac0 Exception <a 'sun/nio/fs/WindowsException'{0x00000000eba33698}> (0x00000000eba33698) 
thrown [s\src\hotspot\share\prims\jni.cpp, line 516]
Event: 14.656 Thread 0x00000195fc1c6ac0 Exception <a 'sun/nio/fs/WindowsException'{0x00000000eb146f58}> (0x00000000eb146f58) 
thrown [s\src\hotspot\share\prims\jni.cpp, line 516]
Event: 14.665 Thread 0x00000195fc1c6ac0 Exception <a 'sun/nio/fs/WindowsException'{0x00000000eb461560}> (0x00000000eb461560) 
thrown [s\src\hotspot\share\prims\jni.cpp, line 516]
Event: 14.671 Thread 0x00000195fc1c6ac0 Exception <a 'sun/nio/fs/WindowsException'{0x00000000eb5c8fb0}> (0x00000000eb5c8fb0) 
thrown [s\src\hotspot\share\prims\jni.cpp, line 516]
Event: 14.674 Thread 0x00000195fc1c6ac0 Exception <a 'sun/nio/fs/WindowsException'{0x00000000eb6102a0}> (0x00000000eb6102a0) 
thrown [s\src\hotspot\share\prims\jni.cpp, line 516]
Event: 14.679 Thread 0x00000195fc1c6ac0 Exception <a 'sun/nio/fs/WindowsException'{0x00000000eb719150}> (0x00000000eb719150) 
thrown [s\src\hotspot\share\prims\jni.cpp, line 516]
Event: 14.683 Thread 0x00000195fc1c6ac0 Exception <a 'sun/nio/fs/WindowsException'{0x00000000eb7aa198}> (0x00000000eb7aa198) 
thrown [s\src\hotspot\share\prims\jni.cpp, line 516]
Event: 14.811 Thread 0x00000195fc1c6ac0 Exception <a 'sun/nio/fs/WindowsException'{0x00000000eb2faff0}> (0x00000000eb2faff0) 
thrown [s\src\hotspot\share\prims\jni.cpp, line 516]
Event: 14.815 Thread 0x00000195fc1c6ac0 Exception <a 'sun/nio/fs/WindowsException'{0x00000000eb3b0e68}> (0x00000000eb3b0e68) 
thrown [s\src\hotspot\share\prims\jni.cpp, line 516]
Event: 14.895 Thread 0x00000195fc1c6ac0 Exception <a 'sun/nio/fs/WindowsException'{0x00000000eb9258d0}> (0x00000000eb9258d0) 
thrown [s\src\hotspot\share\prims\jni.cpp, line 516]
Event: 14.912 Thread 0x00000195fc1c6ac0 Exception <a 'sun/nio/fs/WindowsException'{0x00000000ebee14f8}> (0x00000000ebee14f8) 
thrown [s\src\hotspot\share\prims\jni.cpp, line 516]
Event: 14.918 Thread 0x00000195fc1c6ac0 Implicit null exception at 0x0000019587e798cd to 0x0000019587e800dc
Event: 14.968 Thread 0x00000195fc1c6ac0 Implicit null exception at 0x0000019587e9a73d to 0x0000019587ea09a4

VM Operations (20 events):
Event: 14.771 Executing VM operation: ParallelGCFailedAllocation
Event: 14.774 Executing VM operation: ParallelGCFailedAllocation done
Event: 14.848 Executing VM operation: ParallelGCFailedAllocation
Event: 14.849 Executing VM operation: ParallelGCFailedAllocation done
Event: 14.936 Executing VM operation: ParallelGCFailedAllocation
Event: 14.938 Executing VM operation: ParallelGCFailedAllocation done
Event: 14.996 Executing VM operation: HandshakeAllThreads
Event: 14.996 Executing VM operation: HandshakeAllThreads done
Event: 15.038 Executing VM operation: ParallelGCFailedAllocation
Event: 15.043 Executing VM operation: ParallelGCFailedAllocation done
Event: 15.183 Executing VM operation: ParallelGCFailedAllocation
Event: 15.192 Executing VM operation: ParallelGCFailedAllocation done
Event: 15.262 Executing VM operation: ParallelGCFailedAllocation
Event: 15.268 Executing VM operation: ParallelGCFailedAllocation done
Event: 15.348 Executing VM operation: ParallelGCFailedAllocation
Event: 15.355 Executing VM operation: ParallelGCFailedAllocation done
Event: 16.358 Executing VM operation: Cleanup
Event: 16.358 Executing VM operation: Cleanup done
Event: 16.780 Executing VM operation: ParallelGCFailedAllocation
Event: 16.784 Executing VM operation: ParallelGCFailedAllocation done

Memory protections (0 events):
No events

Nmethod flushes (20 events):
Event: 11.791 Thread 0x00000195f9a65b80 flushing  nmethod 0x00000195814c5210
Event: 11.791 Thread 0x00000195f9a65b80 flushing  nmethod 0x00000195814d8b10
Event: 11.791 Thread 0x00000195f9a65b80 flushing  nmethod 0x00000195814f6290
Event: 11.791 Thread 0x00000195f9a65b80 flushing  nmethod 0x0000019581522090
Event: 11.791 Thread 0x00000195f9a65b80 flushing  nmethod 0x0000019581522710
Event: 11.791 Thread 0x00000195f9a65b80 flushing  nmethod 0x0000019581522a90
Event: 11.791 Thread 0x00000195f9a65b80 flushing  nmethod 0x000001958152c390
Event: 11.791 Thread 0x00000195f9a65b80 flushing  nmethod 0x000001958152cc10
Event: 11.791 Thread 0x00000195f9a65b80 flushing  nmethod 0x000001958152d990
Event: 11.791 Thread 0x00000195f9a65b80 flushing  nmethod 0x000001958152e790
Event: 11.791 Thread 0x00000195f9a65b80 flushing  nmethod 0x0000019581532510
Event: 11.791 Thread 0x00000195f9a65b80 flushing  nmethod 0x0000019581597e10
Event: 11.791 Thread 0x00000195f9a65b80 flushing  nmethod 0x0000019581598190
Event: 11.791 Thread 0x00000195f9a65b80 flushing  nmethod 0x00000195815a2910
Event: 14.999 Thread 0x00000195f9a65b80 flushing  nmethod 0x00000195801a6290
Event: 15.008 Thread 0x00000195f9a65b80 flushing  nmethod 0x0000019580ddb910
Event: 15.008 Thread 0x00000195f9a65b80 flushing  nmethod 0x0000019580eb8c10
Event: 15.008 Thread 0x00000195f9a65b80 flushing  nmethod 0x0000019580ed5310
Event: 15.012 Thread 0x00000195f9a65b80 flushing  nmethod 0x000001958144d290
Event: 15.012 Thread 0x00000195f9a65b80 flushing  nmethod 0x0000019581486b10

Events (20 events):
Event: 12.365 Thread 0x00000195f9bd8440 Thread exited: 0x00000195f9bd8440
Event: 12.406 Thread 0x00000195f9a5b230 Thread added: 0x00000195fb6dddd0
Event: 12.406 Thread 0x00000195f9a5b230 Thread added: 0x00000195fb6db350
Event: 12.503 Thread 0x00000195938d5290 Thread exited: 0x00000195938d5290
Event: 12.683 Thread 0x00000195fb6db350 Thread exited: 0x00000195fb6db350
Event: 12.699 Thread 0x00000195f9a63a80 Thread added: 0x00000195fb6d7390
Event: 12.853 Thread 0x00000195fb6d7390 Thread exited: 0x00000195fb6d7390
Event: 13.529 Thread 0x00000195f9a63a80 Thread added: 0x00000195fb6d8e20
Event: 14.159 Thread 0x00000195fb6d8e20 Thread exited: 0x00000195fb6d8e20
Event: 14.159 Thread 0x00000195fb6dddd0 Thread exited: 0x00000195fb6dddd0
Event: 14.161 Thread 0x00000195f9a63a80 Thread added: 0x00000195fb6dddd0
Event: 14.165 Thread 0x00000195f9a63a80 Thread added: 0x00000195fb6d9e10
Event: 14.409 Thread 0x00000195fb6d9e10 Thread exited: 0x00000195fb6d9e10
Event: 14.421 Thread 0x00000195fb6dddd0 Thread exited: 0x00000195fb6dddd0
Event: 14.923 Thread 0x00000195f9a63a80 Thread added: 0x00000195fb6da360
Event: 14.959 Thread 0x00000195f9a63a80 Thread added: 0x00000195fb6d7390
Event: 16.182 Thread 0x00000195fb6d7390 Thread exited: 0x00000195fb6d7390
Event: 16.182 Thread 0x00000195fb6da360 Thread exited: 0x00000195fb6da360
Event: 16.774 Thread 0x00000195f9a63a80 Thread added: 0x00000195fb6d9e10
Event: 17.860 Thread 0x00000195fb6d9e10 Thread exited: 0x00000195fb6d9e10


Dynamic libraries:
0x00007ff79b7c0000 - 0x00007ff79b7ce000 	c:\Users\DERIL WIJDAN FALIH\.vscode\extensions\redhat.java-1.37.0-win32-x64\jre\17.0.13-win32-x86_64\bin\java.exe
0x00007ffb6a330000 - 0x00007ffb6a547000 	C:\WINDOWS\SYSTEM32\ntdll.dll
0x00007ffb69ac0000 - 0x00007ffb69b84000 	C:\WINDOWS\System32\KERNEL32.DLL
0x00007ffb67bc0000 - 0x00007ffb67f7a000 	C:\WINDOWS\System32\KERNELBASE.dll
0x00007ffb5fe00000 - 0x00007ffb5fe97000 	C:\WINDOWS\SYSTEM32\apphelp.dll
0x00007ffb679e0000 - 0x00007ffb67af1000 	C:\WINDOWS\System32\ucrtbase.dll
0x00007ffb272a0000 - 0x00007ffb272b7000 	c:\Users\DERIL WIJDAN FALIH\.vscode\extensions\redhat.java-1.37.0-win32-x64\jre\17.0.13-win32-x86_64\bin\jli.dll
0x00007ffb68b90000 - 0x00007ffb68d3e000 	C:\WINDOWS\System32\USER32.dll
0x00007ffb67720000 - 0x00007ffb67746000 	C:\WINDOWS\System32\win32u.dll
0x00007ffb68d40000 - 0x00007ffb68d69000 	C:\WINDOWS\System32\GDI32.dll
0x00007ffb678c0000 - 0x00007ffb679db000 	C:\WINDOWS\System32\gdi32full.dll
0x00007ffb67680000 - 0x00007ffb6771a000 	C:\WINDOWS\System32\msvcp_win.dll
0x00007ffb2a9b0000 - 0x00007ffb2a9ce000 	c:\Users\DERIL WIJDAN FALIH\.vscode\extensions\redhat.java-1.37.0-win32-x64\jre\17.0.13-win32-x86_64\bin\VCRUNTIME140.dll
0x00007ffb5ba40000 - 0x00007ffb5bcd2000 	C:\WINDOWS\WinSxS\amd64_microsoft.windows.common-controls_6595b64144ccf1df_6.0.22621.4541_none_2710d1c57384c085\COMCTL32.dll
0x00007ffb68f30000 - 0x00007ffb68fd7000 	C:\WINDOWS\System32\msvcrt.dll
0x00007ffb689c0000 - 0x00007ffb689f1000 	C:\WINDOWS\System32\IMM32.DLL
0x00007ffb5dbe0000 - 0x00007ffb5dbec000 	c:\Users\DERIL WIJDAN FALIH\.vscode\extensions\redhat.java-1.37.0-win32-x64\jre\17.0.13-win32-x86_64\bin\vcruntime140_1.dll
0x00007ffb02750000 - 0x00007ffb027dd000 	c:\Users\DERIL WIJDAN FALIH\.vscode\extensions\redhat.java-1.37.0-win32-x64\jre\17.0.13-win32-x86_64\bin\msvcp140.dll
0x00007ffadf600000 - 0x00007ffae026b000 	c:\Users\DERIL WIJDAN FALIH\.vscode\extensions\redhat.java-1.37.0-win32-x64\jre\17.0.13-win32-x86_64\bin\server\jvm.dll
0x00007ffb69170000 - 0x00007ffb69222000 	C:\WINDOWS\System32\ADVAPI32.dll
0x00007ffb688b0000 - 0x00007ffb68957000 	C:\WINDOWS\System32\sechost.dll
0x00007ffb67f80000 - 0x00007ffb67fa8000 	C:\WINDOWS\System32\bcrypt.dll
0x00007ffb68e10000 - 0x00007ffb68f24000 	C:\WINDOWS\System32\RPCRT4.dll
0x00007ffb69090000 - 0x00007ffb69101000 	C:\WINDOWS\System32\WS2_32.dll
0x00007ffb66490000 - 0x00007ffb664dd000 	C:\WINDOWS\SYSTEM32\POWRPROF.dll
0x00007ffb603e0000 - 0x00007ffb60414000 	C:\WINDOWS\SYSTEM32\WINMM.dll
0x00007ffb600f0000 - 0x00007ffb600fa000 	C:\WINDOWS\SYSTEM32\VERSION.dll
0x00007ffb66470000 - 0x00007ffb66483000 	C:\WINDOWS\SYSTEM32\UMPDC.dll
0x00007ffb66730000 - 0x00007ffb66748000 	C:\WINDOWS\SYSTEM32\kernel.appcore.dll
0x00007ffb33460000 - 0x00007ffb3346a000 	c:\Users\DERIL WIJDAN FALIH\.vscode\extensions\redhat.java-1.37.0-win32-x64\jre\17.0.13-win32-x86_64\bin\jimage.dll
0x00007ffb650f0000 - 0x00007ffb65322000 	C:\WINDOWS\SYSTEM32\DBGHELP.DLL
0x00007ffb696a0000 - 0x00007ffb69a2f000 	C:\WINDOWS\System32\combase.dll
0x00007ffb69290000 - 0x00007ffb69367000 	C:\WINDOWS\System32\OLEAUT32.dll
0x00007ffb5dba0000 - 0x00007ffb5dbd2000 	C:\WINDOWS\SYSTEM32\dbgcore.DLL
0x00007ffb67600000 - 0x00007ffb6767b000 	C:\WINDOWS\System32\bcryptPrimitives.dll
0x00007ffb33130000 - 0x00007ffb3313e000 	c:\Users\DERIL WIJDAN FALIH\.vscode\extensions\redhat.java-1.37.0-win32-x64\jre\17.0.13-win32-x86_64\bin\instrument.dll
0x00007ffb1c150000 - 0x00007ffb1c175000 	c:\Users\DERIL WIJDAN FALIH\.vscode\extensions\redhat.java-1.37.0-win32-x64\jre\17.0.13-win32-x86_64\bin\java.dll
0x00007ffb24e30000 - 0x00007ffb24e48000 	c:\Users\DERIL WIJDAN FALIH\.vscode\extensions\redhat.java-1.37.0-win32-x64\jre\17.0.13-win32-x86_64\bin\zip.dll
0x00007ffb68030000 - 0x00007ffb688a8000 	C:\WINDOWS\System32\SHELL32.dll
0x00007ffb65550000 - 0x00007ffb65e58000 	C:\WINDOWS\SYSTEM32\windows.storage.dll
0x00007ffb65410000 - 0x00007ffb6554f000 	C:\WINDOWS\SYSTEM32\wintypes.dll
0x00007ffb6a1f0000 - 0x00007ffb6a2ea000 	C:\WINDOWS\System32\SHCORE.dll
0x00007ffb69230000 - 0x00007ffb6928e000 	C:\WINDOWS\System32\shlwapi.dll
0x00007ffb67530000 - 0x00007ffb6755b000 	C:\WINDOWS\SYSTEM32\profapi.dll
0x00007ffb1ad10000 - 0x00007ffb1ad29000 	C:\Users\DERIL WIJDAN FALIH\.vscode\extensions\redhat.java-1.37.0-win32-x64\jre\17.0.13-win32-x86_64\bin\net.dll
0x00007ffb615d0000 - 0x00007ffb61706000 	C:\WINDOWS\SYSTEM32\WINHTTP.dll
0x00007ffb66bb0000 - 0x00007ffb66c19000 	C:\WINDOWS\system32\mswsock.dll
0x00007ffb0f510000 - 0x00007ffb0f526000 	C:\Users\DERIL WIJDAN FALIH\.vscode\extensions\redhat.java-1.37.0-win32-x64\jre\17.0.13-win32-x86_64\bin\nio.dll
0x00007ffb32480000 - 0x00007ffb32490000 	c:\Users\DERIL WIJDAN FALIH\.vscode\extensions\redhat.java-1.37.0-win32-x64\jre\17.0.13-win32-x86_64\bin\verify.dll
0x00007ffb1c4e0000 - 0x00007ffb1c525000 	C:\Users\DERIL WIJDAN FALIH\AppData\Roaming\Code\User\globalStorage\redhat.java\1.37.0\config_win\org.eclipse.equinox.launcher\org.eclipse.equinox.launcher.win32.win32.x86_64_1.2.1100.v20240722-2106\eclipse_11904.dll
0x00007ffb69470000 - 0x00007ffb69615000 	C:\WINDOWS\System32\ole32.dll
0x00007ffb66e00000 - 0x00007ffb66e1b000 	C:\WINDOWS\SYSTEM32\CRYPTSP.dll
0x00007ffb66690000 - 0x00007ffb666c5000 	C:\WINDOWS\system32\rsaenh.dll
0x00007ffb66ca0000 - 0x00007ffb66cc8000 	C:\WINDOWS\SYSTEM32\USERENV.dll
0x00007ffb66e20000 - 0x00007ffb66e2c000 	C:\WINDOWS\SYSTEM32\CRYPTBASE.dll
0x00007ffb66130000 - 0x00007ffb6615d000 	C:\WINDOWS\SYSTEM32\IPHLPAPI.DLL
0x00007ffb68d70000 - 0x00007ffb68d79000 	C:\WINDOWS\System32\NSI.dll
0x00007ffb60a70000 - 0x00007ffb60a89000 	C:\WINDOWS\SYSTEM32\dhcpcsvc6.DLL
0x00007ffb60a50000 - 0x00007ffb60a6f000 	C:\WINDOWS\SYSTEM32\dhcpcsvc.DLL
0x00007ffb66160000 - 0x00007ffb66262000 	C:\WINDOWS\SYSTEM32\DNSAPI.dll
0x00007ffb1af20000 - 0x00007ffb1af69000 	C:\Users\DERIL WIJDAN FALIH\AppData\Local\Temp\jna-2112942453\jna7289731778105614206.dll
0x00007ffb68d80000 - 0x00007ffb68d88000 	C:\WINDOWS\System32\PSAPI.DLL
0x00007ffb66840000 - 0x00007ffb66874000 	C:\WINDOWS\SYSTEM32\ntmarta.dll

dbghelp: loaded successfully - version: 4.0.5 - missing functions: none
symbol engine: initialized successfully - sym options: 0x614 - pdb path: .;c:\Users\DERIL WIJDAN FALIH\.vscode\extensions\redhat.java-1.37.0-win32-x64\jre\17.0.13-win32-x86_64\bin;C:\WINDOWS\SYSTEM32;C:\WINDOWS\WinSxS\amd64_microsoft.windows.common-controls_6595b64144ccf1df_6.0.22621.4541_none_2710d1c57384c085;c:\Users\DERIL WIJDAN FALIH\.vscode\extensions\redhat.java-1.37.0-win32-x64\jre\17.0.13-win32-x86_64\bin\server;C:\Users\DERIL WIJDAN FALIH\AppData\Roaming\Code\User\globalStorage\redhat.java\1.37.0\config_win\org.eclipse.equinox.launcher\org.eclipse.equinox.launcher.win32.win32.x86_64_1.2.1100.v20240722-2106;C:\Users\DERIL WIJDAN FALIH\AppData\Local\Temp\jna-2112942453

VM Arguments:
jvm_args: --add-modules=ALL-SYSTEM --add-opens=java.base/java.util=ALL-UNNAMED --add-opens=java.base/java.lang=ALL-UNNAMED --add-opens=java.base/sun.nio.fs=ALL-UNNAMED -Declipse.application=org.eclipse.jdt.ls.core.id1 -Dosgi.bundles.defaultStartLevel=4 -Declipse.product=org.eclipse.jdt.ls.core.product -Djava.import.generatesMetadataFilesAtProjectRoot=false -DDetectVMInstallationsJob.disabled=true -Dfile.encoding=utf8 -XX:+UseParallelGC -XX:GCTimeRatio=4 -XX:AdaptiveSizePolicyWeight=90 -Dsun.zip.disableMemoryMapping=true -Xmx1G -Xms100m -Xlog:disable -javaagent:c:\Users\DERIL WIJDAN FALIH\.vscode\extensions\redhat.java-1.37.0-win32-x64\lombok\lombok-1.18.34.jar -XX:+HeapDumpOnOutOfMemoryError -XX:HeapDumpPath=c:\Users\DERIL WIJDAN FALIH\AppData\Roaming\Code\User\workspaceStorage\2416165a0112e604018cd0bc178eb534\redhat.java -Daether.dependencyCollector.impl=bf 
java_command: c:\Users\DERIL WIJDAN FALIH\.vscode\extensions\redhat.java-1.37.0-win32-x64\server\plugins\org.eclipse.equinox.launcher_1.6.900.v20240613-2009.jar -configuration c:\Users\DERIL WIJDAN FALIH\AppData\Roaming\Code\User\globalStorage\redhat.java\1.37.0\config_win -data c:\Users\DERIL WIJDAN FALIH\AppData\Roaming\Code\User\workspaceStorage\2416165a0112e604018cd0bc178eb534\redhat.java\jdt_ws --pipe=\\.\pipe\lsp-c86019daecc3a9169c274c324f70b6fb-sock
java_class_path (initial): c:\Users\DERIL WIJDAN FALIH\.vscode\extensions\redhat.java-1.37.0-win32-x64\server\plugins\org.eclipse.equinox.launcher_1.6.900.v20240613-2009.jar
Launcher Type: SUN_STANDARD

[Global flags]
    uintx AdaptiveSizePolicyWeight                 = 90                                        {product} {command line}
     intx CICompilerCount                          = 4                                         {product} {ergonomic}
    uintx GCTimeRatio                              = 4                                         {product} {command line}
     bool HeapDumpOnOutOfMemoryError               = true                                   {manageable} {command line}
    ccstr HeapDumpPath                             = c:\Users\DERIL WIJDAN FALIH\AppData\Roaming\Code\User\workspaceStorage\2416165a0112e604018cd0bc178eb534\redhat.java         {manageable} {command line}
   size_t InitialHeapSize                          = 104857600                                 {product} {command line}
   size_t MaxHeapSize                              = 1073741824                                {product} {command line}
   size_t MaxNewSize                               = 357564416                                 {product} {ergonomic}
   size_t MinHeapDeltaBytes                        = 524288                                    {product} {ergonomic}
   size_t MinHeapSize                              = 104857600                                 {product} {command line}
   size_t NewSize                                  = 34603008                                  {product} {ergonomic}
    uintx NonNMethodCodeHeapSize                   = 5839372                                {pd product} {ergonomic}
    uintx NonProfiledCodeHeapSize                  = 122909434                              {pd product} {ergonomic}
   size_t OldSize                                  = 70254592                                  {product} {ergonomic}
    uintx ProfiledCodeHeapSize                     = 122909434                              {pd product} {ergonomic}
    uintx ReservedCodeCacheSize                    = 251658240                              {pd product} {ergonomic}
     bool SegmentedCodeCache                       = true                                      {product} {ergonomic}
   size_t SoftMaxHeapSize                          = 1073741824                             {manageable} {ergonomic}
     bool UseCompressedClassPointers               = true                           {product lp64_product} {ergonomic}
     bool UseCompressedOops                        = true                           {product lp64_product} {ergonomic}
     bool UseLargePagesIndividualAllocation        = false                                  {pd product} {ergonomic}
     bool UseParallelGC                            = true                                      {product} {command line}

Logging:
Log output configuration:
 #0: stdout all=off uptime,level,tags
 #1: stderr all=off uptime,level,tags

Environment Variables:
PATH=C:\Program Files\Common Files\Oracle\Java\javapath;C:\app\wijdan\product\11.2.0\dbhome_1\bin;C:\app\deril\product\11.2.0\dbhome_1\bin;C:\app\admin\product\11.2.0\dbhome_1\bin;C:\ProgramData\Oracle\Java\javapath;C:\Windows\system32;C:\Windows;C:\Windows\System32\Wbem;C:\Windows\System32\WindowsPowerShell\v1.0\;C:\Windows\System32\OpenSSH\;C:\Program Files\Go\bin;C:\WINDOWS\system32;C:\WINDOWS;C:\WINDOWS\System32\Wbem;C:\WINDOWS\System32\WindowsPowerShell\v1.0\;C:\WINDOWS\System32\OpenSSH\;C:\Users\DERIL WIJDAN FALIH\Downloads\MinGW\bin;C:\Program Files\dotnet\;%JAVA_HOME%\bin;C:\ProgramData\chocolatey\bin;C:\Program Files\nodejs\;C:\Program Files (x86)\NVIDIA Corporation\PhysX\Common;C:\Program Files\Git\cmd;C:\xampp\php;C:\ProgramData\ComposerSetup\bin;C:\Users\DERIL WIJDAN FALIH\AppData\Local\Programs\Python\Python312\;C:\Users\DERIL WIJDAN FALIH\AppData\Local\Microsoft\WindowsApps;C:\Users\DERIL WIJDAN FALIH\go\bin;C:\Users\DERIL WIJDAN FALIH\AppData\Local\Programs\Microsoft VS Code\bin;D:\flutter_windows_3.16.7-stable\flutter\bin;C:\Program Files\Android\Android Studio\bin;C:\Users\DERIL WIJDAN FALIH\AppData\Local\Programs\Python\Python312\Scripts\;C:\Users\DERIL WIJDAN FALIH\AppData\Local\Android\Sdk\system-images\android-34\google_apis\x86_64;C:\Users\DERIL WIJDAN FALIH\AppData\Local\Android\Sdk\emulator;C:\Program Files\JetBrains\IntelliJ IDEA 2023.3.2\bin;;E:\flutter_windows_3.16.9-stable\flutter;C:\Users\DERIL WIJDAN FALIH\.dotnet\tools;C:\tools\dart-sdk\bin;C:\Users\DERIL WIJDAN FALIH\AppData\Local\Pub\Cache\bin;C:\Users\DERIL WIJDAN FALIH\AppData\Local\Programs\Python\Python312;C:\Program Files\Java\jdk-22;C:\Users\DERIL WIJDAN FALIH\AppData\Roaming\npm;C:\Program Files\PostgreSQL\16\bin;C:\Apache\apache-maven-3.9.9\bin;C:\Users\DERIL WIJDAN FALIH\AppData\Roaming\Composer\vendor\bin;C:\Program Files\Git\bin;C:\Users\DERIL WIJDAN FALIH\AppData\Local\GitHubDesktop\bin;
USERNAME=DERIL WIJDAN FALIH
OS=Windows_NT
PROCESSOR_IDENTIFIER=Intel64 Family 6 Model 141 Stepping 1, GenuineIntel
TMP=C:\Users\DERILW~1\AppData\Local\Temp
TEMP=C:\Users\DERILW~1\AppData\Local\Temp



Periodic native trim disabled


---------------  S Y S T E M  ---------------

OS:
 Windows 11 , 64 bit Build 22621 (10.0.22621.4391)
OS uptime: 0 days 2:51 hours

CPU: total 12 (initial active 12) (6 cores per cpu, 2 threads per core) family 6 model 141 stepping 1 microcode 0x34, cx8, cmov, fxsr, ht, mmx, 3dnowpref, sse, sse2, sse3, ssse3, sse4.1, sse4.2, popcnt, lzcnt, tsc, tscinvbit, avx, avx2, aes, erms, clmul, bmi1, bmi2, adx, avx512f, avx512dq, avx512cd, avx512bw, avx512vl, sha, fma, vzeroupper, avx512_vpopcntdq, avx512_vpclmulqdq, avx512_vaes, avx512_vnni, clflush, clflushopt, clwb, avx512_vbmi2, avx512_vbmi
Processor Information for all 12 processors :
  Max Mhz: 2688, Current Mhz: 2688, Mhz Limit: 2688

Memory: 4k page, system-wide physical 16122M (4625M free)
TotalPageFile size 33530M (AvailPageFile size 18629M)
current process WorkingSet (physical memory assigned to process): 565M, peak: 735M
current process commit charge ("private bytes"): 551M, peak: 752M

vm_info: OpenJDK 64-Bit Server VM (17.0.13+11) for windows-amd64 JRE (17.0.13+11), built on Oct 16 2024 00:10:08 by "admin" with MS VC++ 17.7 (VS2022)

END.
